{
  "RSpec": {
    "coverage": {
      "/Users/Devon/bloc/business_for_jess/app/models/user.rb": [
        1,
        null,
        null,
        1,
        null,
        null,
        1,
        1,
        null,
        1,
        1,
        null,
        1,
        40,
        null,
        null
      ],
      "/Users/Devon/bloc/business_for_jess/app/helpers/application_helper.rb": [
        1,
        null
      ],
      "/Users/Devon/bloc/business_for_jess/app/helpers/appointments_helper.rb": [
        1,
        null
      ],
      "/Users/Devon/bloc/business_for_jess/app/helpers/messages_helper.rb": [
        1,
        null
      ],
      "/Users/Devon/bloc/business_for_jess/app/helpers/pets_helper.rb": [
        1,
        null
      ],
      "/Users/Devon/bloc/business_for_jess/app/helpers/users_helper.rb": [
        1,
        null
      ],
      "/Users/Devon/bloc/business_for_jess/app/helpers/welcome_helper.rb": [
        1,
        null
      ],
      "/Users/Devon/bloc/business_for_jess/app/controllers/appointments_controller.rb": [
        1,
        null,
        null,
        1,
        3,
        3,
        null,
        null,
        null,
        1,
        5,
        5,
        5,
        5,
        5,
        4,
        4,
        4,
        4,
        4,
        null,
        1,
        1,
        null,
        null,
        0,
        0,
        null,
        0,
        null,
        null,
        null,
        1,
        2,
        2,
        2,
        2,
        2,
        null,
        0,
        null,
        2,
        2,
        2,
        null,
        null,
        null,
        1,
        1,
        5,
        null,
        null
      ],
      "/Users/Devon/bloc/business_for_jess/app/controllers/application_controller.rb": [
        1,
        null,
        null,
        null,
        1,
        1,
        null,
        1,
        null,
        null,
        1,
        0,
        0,
        null,
        null
      ],
      "/Users/Devon/bloc/business_for_jess/app/controllers/messages_controller.rb": [
        1,
        null,
        1,
        null,
        1,
        1,
        null,
        null,
        1,
        2,
        null,
        null,
        1,
        3,
        null,
        3,
        3,
        3,
        3,
        null,
        0,
        0,
        null,
        null,
        null,
        null,
        1,
        1,
        3,
        null,
        null
      ],
      "/Users/Devon/bloc/business_for_jess/app/controllers/pets_controller.rb": [
        1,
        1,
        3,
        3,
        null,
        1,
        3,
        3,
        null,
        3,
        3,
        3,
        null,
        0,
        0,
        null,
        null,
        1,
        3,
        null,
        1,
        2,
        2,
        2,
        2,
        2,
        null,
        0,
        0,
        null,
        null,
        null,
        null,
        null,
        null,
        1,
        1,
        5,
        null,
        null,
        null
      ],
      "/Users/Devon/bloc/business_for_jess/app/controllers/users_controller.rb": [
        1,
        1,
        1,
        null,
        null
      ],
      "/Users/Devon/bloc/business_for_jess/app/controllers/welcome_controller.rb": [
        1,
        null,
        1,
        1,
        null,
        null,
        1,
        null,
        null,
        1,
        null,
        null,
        null,
        null
      ],
      "/Users/Devon/bloc/business_for_jess/app/mailers/appointment_mailer.rb": [
        1,
        1,
        null,
        1,
        4,
        4,
        4,
        null,
        null,
        1,
        4,
        4,
        4,
        null,
        1,
        2,
        2,
        2,
        null,
        null
      ],
      "/Users/Devon/bloc/business_for_jess/app/mailers/application_mailer.rb": [
        1,
        1,
        1,
        null
      ],
      "/Users/Devon/bloc/business_for_jess/app/mailers/message_mailer.rb": [
        1,
        1,
        null,
        1,
        3,
        3,
        3,
        null,
        null
      ],
      "/Users/Devon/bloc/business_for_jess/app/models/appointment.rb": [
        1,
        1,
        null,
        1,
        null,
        null,
        1,
        null,
        1,
        0,
        0,
        0,
        0,
        0,
        0,
        0,
        null,
        0,
        0,
        null,
        0,
        0,
        0,
        0,
        null,
        null,
        null,
        0,
        0,
        null,
        null,
        0,
        null,
        null,
        null,
        1,
        5,
        5,
        5,
        5,
        5,
        null,
        null,
        null,
        1,
        5,
        5,
        5,
        5,
        4,
        null,
        1,
        1,
        1,
        1,
        1,
        1,
        1,
        1,
        1,
        1,
        null,
        null,
        null,
        null,
        null
      ],
      "/Users/Devon/bloc/business_for_jess/app/models/message.rb": [
        1,
        null,
        1,
        1,
        null,
        1,
        1,
        null,
        1,
        1,
        1,
        null,
        1,
        12,
        null,
        null,
        1,
        17,
        null,
        1,
        17,
        null,
        1,
        17,
        null,
        null
      ],
      "/Users/Devon/bloc/business_for_jess/app/models/pet.rb": [
        1,
        1,
        null,
        1,
        1,
        1,
        null,
        1,
        1,
        null,
        1,
        18,
        null,
        null
      ]
    },
    "timestamp": 1469720501
  }
}
